[debug] [2020-03-31T07:57:27.448Z] ----------------------------------------------------------------------
[debug] [2020-03-31T07:57:27.451Z] Command:       C:\Program Files\nodejs\node.exe C:\Users\bogdan.niculescu\AppData\Local\Yarn\Data\global\node_modules\firebase-tools\lib\bin\firebase.js init
[debug] [2020-03-31T07:57:27.452Z] CLI Version:   7.14.0
[debug] [2020-03-31T07:57:27.452Z] Platform:      win32
[debug] [2020-03-31T07:57:27.452Z] Node Version:  v13.9.0
[debug] [2020-03-31T07:57:27.453Z] Time:          Tue Mar 31 2020 08:57:27 GMT+0100 (British Summer Time)
[debug] [2020-03-31T07:57:27.453Z] ----------------------------------------------------------------------
[debug] [2020-03-31T07:57:27.453Z] 
[debug] [2020-03-31T07:57:27.463Z] > command requires scopes: ["email","openid","https://www.googleapis.com/auth/cloudplatformprojects.readonly","https://www.googleapis.com/auth/firebase","https://www.googleapis.com/auth/cloud-platform"]
[debug] [2020-03-31T07:57:27.463Z] > authorizing via signed-in user
[info] 
     ######## #### ########  ######## ########     ###     ######  ########
     ##        ##  ##     ## ##       ##     ##  ##   ##  ##       ##
     ######    ##  ########  ######   ########  #########  ######  ######
     ##        ##  ##    ##  ##       ##     ## ##     ##       ## ##
     ##       #### ##     ## ######## ########  ##     ##  ######  ########

You're about to initialize a Firebase project in this directory:

  C:\Users\bogdan.niculescu\code\hall-of-faces

Before we get started, keep in mind:

  * You are initializing in an existing Firebase project directory

[info] 
=== Project Setup
[info] 
[info] First, let's associate this project directory with a Firebase project.
[info] You can create multiple project aliases by running firebase use --add, 
[info] but for now we'll just set up a default project.
[info] 
[info] i  .firebaserc already has a default project, using hall-of-faces-299ae.
[debug] [2020-03-31T07:57:32.157Z] > refreshing access token with scopes: ["email","https://www.googleapis.com/auth/cloud-platform","https://www.googleapis.com/auth/cloudplatformprojects.readonly","https://www.googleapis.com/auth/firebase","openid"]
[debug] [2020-03-31T07:57:32.158Z] >>> HTTP REQUEST POST https://www.googleapis.com/oauth2/v3/token  
 <request body omitted>
[debug] [2020-03-31T07:57:32.358Z] <<< HTTP RESPONSE 200
[debug] [2020-03-31T07:57:32.372Z] >>> HTTP REQUEST GET https://firebase.googleapis.com/v1beta1/projects/hall-of-faces-299ae  
 
[debug] [2020-03-31T07:57:32.691Z] <<< HTTP RESPONSE 403
[debug] [2020-03-31T07:57:32.692Z] <<< HTTP RESPONSE BODY
[debug] [2020-03-31T07:57:32.695Z] HTTP Error: 403, The caller does not have permission
[debug] [2020-03-31T07:57:32.780Z] FirebaseError: HTTP Error: 403, The caller does not have permission
    at module.exports (C:\Users\bogdan.niculescu\AppData\Local\Yarn\Data\global\node_modules\firebase-tools\lib\responseToError.js:38:12)
    at Request._callback (C:\Users\bogdan.niculescu\AppData\Local\Yarn\Data\global\node_modules\firebase-tools\lib\api.js:39:35)
    at Request.self.callback (C:\Users\bogdan.niculescu\AppData\Local\Yarn\Data\global\node_modules\request\request.js:185:22)
    at Request.emit (events.js:321:20)
    at Request.EventEmitter.emit (domain.js:485:12)
    at Request.<anonymous> (C:\Users\bogdan.niculescu\AppData\Local\Yarn\Data\global\node_modules\request\request.js:1154:10)
    at Request.emit (events.js:321:20)
    at Request.EventEmitter.emit (domain.js:485:12)
    at IncomingMessage.<anonymous> (C:\Users\bogdan.niculescu\AppData\Local\Yarn\Data\global\node_modules\request\request.js:1076:12)
    at Object.onceWrapper (events.js:427:28)
    at IncomingMessage.emit (events.js:333:22)
    at IncomingMessage.EventEmitter.emit (domain.js:485:12)
    at endReadableNT (_stream_readable.js:1201:12)
    at processTicksAndRejections (internal/process/task_queues.js:84:21)
[error] 
[error] Error: Failed to get Firebase project hall-of-faces-299ae. Please make sure the project exists and your account has permission to access it.
[debug] [2020-03-31T07:58:45.938Z] ----------------------------------------------------------------------
[debug] [2020-03-31T07:58:45.941Z] Command:       C:\Program Files\nodejs\node.exe C:\Users\bogdan.niculescu\AppData\Local\Yarn\Data\global\node_modules\firebase-tools\lib\bin\firebase.js init
[debug] [2020-03-31T07:58:45.942Z] CLI Version:   7.14.0
[debug] [2020-03-31T07:58:45.942Z] Platform:      win32
[debug] [2020-03-31T07:58:45.942Z] Node Version:  v13.9.0
[debug] [2020-03-31T07:58:45.945Z] Time:          Tue Mar 31 2020 08:58:45 GMT+0100 (British Summer Time)
[debug] [2020-03-31T07:58:45.945Z] ----------------------------------------------------------------------
[debug] [2020-03-31T07:58:45.945Z] 
[debug] [2020-03-31T07:58:45.961Z] > command requires scopes: ["email","openid","https://www.googleapis.com/auth/cloudplatformprojects.readonly","https://www.googleapis.com/auth/firebase","https://www.googleapis.com/auth/cloud-platform"]
[debug] [2020-03-31T07:58:45.961Z] > authorizing via signed-in user
[info] 
     ######## #### ########  ######## ########     ###     ######  ########
     ##        ##  ##     ## ##       ##     ##  ##   ##  ##       ##
     ######    ##  ########  ######   ########  #########  ######  ######
     ##        ##  ##    ##  ##       ##     ## ##     ##       ## ##
     ##       #### ##     ## ######## ########  ##     ##  ######  ########

You're about to initialize a Firebase project in this directory:

  C:\Users\bogdan.niculescu\code\hall-of-faces

Before we get started, keep in mind:

  * You are initializing in an existing Firebase project directory

[info] 
=== Project Setup
[info] 
[info] First, let's associate this project directory with a Firebase project.
[info] You can create multiple project aliases by running firebase use --add, 
[info] but for now we'll just set up a default project.
[info] 
[info] i  .firebaserc already has a default project, using hall-of-faces-299ae.
[debug] [2020-03-31T07:58:49.973Z] >>> HTTP REQUEST GET https://firebase.googleapis.com/v1beta1/projects/hall-of-faces-299ae  
 
[debug] [2020-03-31T07:58:50.339Z] <<< HTTP RESPONSE 403
[debug] [2020-03-31T07:58:50.340Z] <<< HTTP RESPONSE BODY
[debug] [2020-03-31T07:58:50.343Z] HTTP Error: 403, The caller does not have permission
[debug] [2020-03-31T07:58:50.475Z] FirebaseError: HTTP Error: 403, The caller does not have permission
    at module.exports (C:\Users\bogdan.niculescu\AppData\Local\Yarn\Data\global\node_modules\firebase-tools\lib\responseToError.js:38:12)
    at Request._callback (C:\Users\bogdan.niculescu\AppData\Local\Yarn\Data\global\node_modules\firebase-tools\lib\api.js:39:35)
    at Request.self.callback (C:\Users\bogdan.niculescu\AppData\Local\Yarn\Data\global\node_modules\request\request.js:185:22)
    at Request.emit (events.js:321:20)
    at Request.EventEmitter.emit (domain.js:485:12)
    at Request.<anonymous> (C:\Users\bogdan.niculescu\AppData\Local\Yarn\Data\global\node_modules\request\request.js:1154:10)
    at Request.emit (events.js:321:20)
    at Request.EventEmitter.emit (domain.js:485:12)
    at IncomingMessage.<anonymous> (C:\Users\bogdan.niculescu\AppData\Local\Yarn\Data\global\node_modules\request\request.js:1076:12)
    at Object.onceWrapper (events.js:427:28)
    at IncomingMessage.emit (events.js:333:22)
    at IncomingMessage.EventEmitter.emit (domain.js:485:12)
    at endReadableNT (_stream_readable.js:1201:12)
    at processTicksAndRejections (internal/process/task_queues.js:84:21)
[error] 
[error] Error: Failed to get Firebase project hall-of-faces-299ae. Please make sure the project exists and your account has permission to access it.
